<?xml version="1.0" encoding="UTF-8"?>
<!-- Generated by org.testng.reporters.JUnitReportReporter -->
<testsuite skipped="1" hostname="Suneela-MBP.local" name="com.HomeLoan.PracticeFour" tests="4" failures="0" timestamp="2021-06-13T22:13:42 IST" time="0.001" errors="0">
  <testcase name="apiLoginHomeLoan" time="0.000" classname="com.HomeLoan.PracticeFour"/>
  <system-out/>
  <testcase name="smokeTestHomeLoan" time="0.001" classname="com.HomeLoan.PracticeFour"/>
  <system-out/>
  <testcase name="mobileLoginHomeLoan" time="0.000" classname="com.HomeLoan.PracticeFour"/>
  <system-out/>
  <testcase name="webLoginHomeLoan" classname="com.HomeLoan.PracticeFour">
    <skipped/>
  </testcase> <!-- webLoginHomeLoan -->
  <system-out/>
</testsuite> <!-- com.HomeLoan.PracticeFour -->
