<?xml version="1.0" encoding="UTF-8"?>
<!-- Generated by org.testng.reporters.JUnitReportReporter -->
<testsuite skipped="0" hostname="Suneela-MBP.local" name="com.CarLoan.PracticeThree" tests="4" failures="0" timestamp="2021-06-13T18:13:03 IST" time="0.006" errors="0">
  <testcase name="apiLoginCarLoan" time="0.002" classname="com.CarLoan.PracticeThree"/>
  <system-out/>
  <testcase name="mobileLogoutCarLoan" time="0.001" classname="com.CarLoan.PracticeThree"/>
  <system-out/>
  <testcase name="mobileNavigationCarLoan" time="0.001" classname="com.CarLoan.PracticeThree"/>
  <system-out/>
  <testcase name="webLoginCarLoan" time="0.002" classname="com.CarLoan.PracticeThree"/>
  <system-out/>
</testsuite> <!-- com.CarLoan.PracticeThree -->
