<?xml version="1.0" encoding="UTF-8"?>
<!-- Generated by org.testng.reporters.JUnitReportReporter -->
<testsuite skipped="0" hostname="Suneela-MBP.local" name="com.testng.PracticeOne" tests="2" failures="0" timestamp="2021-06-13T14:16:57 IST" time="0.006" errors="0">
  <testcase name="Demo" time="0.006" classname="com.testng.PracticeOne"/>
  <system-out/>
  <testcase name="secondTest" time="0.000" classname="com.testng.PracticeOne"/>
  <system-out/>
</testsuite> <!-- com.testng.PracticeOne -->
