<?xml version="1.0" encoding="UTF-8"?>
<!-- Generated by org.testng.reporters.JUnitReportReporter -->
<testsuite skipped="0" hostname="Suneela-MBP.local" name="com.CarLoan.PracticeThree" tests="3" failures="0" timestamp="2021-06-13T19:41:51 IST" time="0.007" errors="0">
  <testcase name="CarLoanDataProviderTest" time="0.001" classname="com.CarLoan.PracticeThree"/>
  <system-out/>
  <testcase name="CarLoanDataProviderTest" time="0.000" classname="com.CarLoan.PracticeThree"/>
  <system-out/>
  <testcase name="CarLoanDataProviderTest" time="0.006" classname="com.CarLoan.PracticeThree"/>
  <system-out/>
</testsuite> <!-- com.CarLoan.PracticeThree -->
