<?xml version="1.0" encoding="UTF-8"?>
<!-- Generated by org.testng.reporters.JUnitReportReporter -->
<testsuite skipped="0" hostname="Suneela-MBP.local" name="com.PersonalLoan.PracticeOne" tests="3" failures="0" timestamp="2021-06-13T19:06:55 IST" time="0.006" errors="0">
  <testcase name="Demo" time="0.004" classname="com.PersonalLoan.PracticeOne"/>
  <system-out/>
  <testcase name="smokeTestPLoan1" time="0.001" classname="com.PersonalLoan.PracticeOne"/>
  <system-out/>
  <testcase name="secondTest" time="0.001" classname="com.PersonalLoan.PracticeOne"/>
  <system-out/>
</testsuite> <!-- com.PersonalLoan.PracticeOne -->
