<?xml version="1.0" encoding="UTF-8"?>
<!-- Generated by org.testng.reporters.JUnitReportReporter -->
<testsuite skipped="0" hostname="Suneela-MBP.local" name="com.PersonalLoan.PracticeOne" tests="1" failures="0" timestamp="2021-06-13T18:30:35 IST" time="0.005" errors="0">
  <testcase name="smokeTestPLoan1" time="0.005" classname="com.PersonalLoan.PracticeOne"/>
  <system-out/>
</testsuite> <!-- com.PersonalLoan.PracticeOne -->
