<?xml version="1.0" encoding="UTF-8"?>
<!-- Generated by org.testng.reporters.JUnitReportReporter -->
<testsuite skipped="0" hostname="Suneela-MBP.local" name="com.PersonalLoan.PracticeTwo" tests="2" failures="0" timestamp="2021-06-13T22:36:35 IST" time="0.000" errors="0">
  <testcase name="smokeTestPLoan2" time="0.000" classname="com.PersonalLoan.PracticeTwo"/>
  <system-out/>
  <testcase name="pLoan" time="0.000" classname="com.PersonalLoan.PracticeTwo"/>
  <system-out/>
</testsuite> <!-- com.PersonalLoan.PracticeTwo -->
